<?xml version="1.0" encoding="UTF-8"?>
<Site BuildName="(empty)"
	BuildStamp="20260904-2137-Experimental"
	Name="linux"
	Generator="ctest-3.22.1"
	CompilerName="/usr/bin/c++"
	CompilerVersion="11.4.0"
	OSName="Linux"
	Hostname="linux"
	OSRelease="6.8.0-138-generic"
	OSVersion="#138~22.04.1-Ubuntu SMP PREEMPT_DYNAMIC Fri Aug  7 13:43:15 UTC "
	OSPlatform="x86_64"
	Is64Bits="1"
	VendorString="AuthenticAMD"
	VendorID="Advanced Micro Devices"
	FamilyID="23"
	ModelID="104"
	ProcessorCacheSize="512"
	NumberOfLogicalCPU="12"
	NumberOfPhysicalCPU="6"
	TotalVirtualMemory="2047"
	TotalPhysicalMemory="15308"
	LogicalProcessorsPerPhysical="2"
	ProcessorClockFrequency="4042.75"
	>
	<Testing>
		<StartDateTime>Sep 05 03:07 IST</StartDateTime>
		<StartTestTime>1788557858</StartTestTime>
		<TestList/>
		<EndDateTime>Sep 05 03:07 IST</EndDateTime>
		<EndTestTime>1788557858</EndTestTime>
		<ElapsedMinutes>0</ElapsedMinutes>
	</Testing>
</Site>
