<?xml version="1.0" encoding="UTF-8"?>
<Site BuildName="(empty)"
	BuildStamp="20260824-1329-Experimental"
	Name="linux"
	Generator="ctest-3.22.1"
	CompilerName="/usr/bin/c++"
	CompilerVersion="11.4.0"
	OSName="Linux"
	Hostname="linux"
	OSRelease="6.8.0-90-generic"
	OSVersion="#91~22.04.1-Ubuntu SMP PREEMPT_DYNAMIC Thu Nov 20 15:20:45 UTC 2"
	OSPlatform="x86_64"
	Is64Bits="1"
	VendorString="AuthenticAMD"
	VendorID="Advanced Micro Devices"
	FamilyID="23"
	ModelID="104"
	ProcessorCacheSize="512"
	NumberOfLogicalCPU="12"
	NumberOfPhysicalCPU="6"
	TotalVirtualMemory="2047"
	TotalPhysicalMemory="15307"
	LogicalProcessorsPerPhysical="2"
	ProcessorClockFrequency="1956.47"
	>
	<Testing>
		<StartDateTime>Aug 24 23:01 IST</StartDateTime>
		<StartTestTime>1787592701</StartTestTime>
		<TestList/>
		<EndDateTime>Aug 24 23:01 IST</EndDateTime>
		<EndTestTime>1787592701</EndTestTime>
		<ElapsedMinutes>0</ElapsedMinutes>
	</Testing>
</Site>
